Determining if the pthread_create exist failed with the following output:
Change Dir: /home/scott/catkin_ws/build/CMakeFiles/CMakeTmp

Run Build Command:"/usr/bin/make" "cmTC_251dd/fast"
/usr/bin/make -f CMakeFiles/cmTC_251dd.dir/build.make CMakeFiles/cmTC_251dd.dir/build
make[1]: Entering directory '/home/scott/catkin_ws/build/CMakeFiles/CMakeTmp'
Building C object CMakeFiles/cmTC_251dd.dir/CheckSymbolExists.c.o
/usr/bin/cc    -o CMakeFiles/cmTC_251dd.dir/CheckSymbolExists.c.o   -c /home/scott/catkin_ws/build/CMakeFiles/CMakeTmp/CheckSymbolExists.c
Linking C executable cmTC_251dd
/usr/bin/cmake -E cmake_link_script CMakeFiles/cmTC_251dd.dir/link.txt --verbose=1
/usr/bin/cc      -rdynamic CMakeFiles/cmTC_251dd.dir/CheckSymbolExists.c.o  -o cmTC_251dd 
CMakeFiles/cmTC_251dd.dir/CheckSymbolExists.c.o: In function `main':
CheckSymbolExists.c:(.text+0x1b): undefined reference to `pthread_create'
collect2: error: ld returned 1 exit status
CMakeFiles/cmTC_251dd.dir/build.make:97: recipe for target 'cmTC_251dd' failed
make[1]: *** [cmTC_251dd] Error 1
make[1]: Leaving directory '/home/scott/catkin_ws/build/CMakeFiles/CMakeTmp'
Makefile:126: recipe for target 'cmTC_251dd/fast' failed
make: *** [cmTC_251dd/fast] Error 2

File /home/scott/catkin_ws/build/CMakeFiles/CMakeTmp/CheckSymbolExists.c:
/* */
#include <pthread.h>

int main(int argc, char** argv)
{
  (void)argv;
#ifndef pthread_create
  return ((int*)(&pthread_create))[argc];
#else
  (void)argc;
  return 0;
#endif
}

Determining if the function pthread_create exists in the pthreads failed with the following output:
Change Dir: /home/scott/catkin_ws/build/CMakeFiles/CMakeTmp

Run Build Command:"/usr/bin/make" "cmTC_18a12/fast"
/usr/bin/make -f CMakeFiles/cmTC_18a12.dir/build.make CMakeFiles/cmTC_18a12.dir/build
make[1]: Entering directory '/home/scott/catkin_ws/build/CMakeFiles/CMakeTmp'
Building C object CMakeFiles/cmTC_18a12.dir/CheckFunctionExists.c.o
/usr/bin/cc   -DCHECK_FUNCTION_EXISTS=pthread_create   -o CMakeFiles/cmTC_18a12.dir/CheckFunctionExists.c.o   -c /usr/share/cmake-3.10/Modules/CheckFunctionExists.c
Linking C executable cmTC_18a12
/usr/bin/cmake -E cmake_link_script CMakeFiles/cmTC_18a12.dir/link.txt --verbose=1
/usr/bin/cc  -DCHECK_FUNCTION_EXISTS=pthread_create    -rdynamic CMakeFiles/cmTC_18a12.dir/CheckFunctionExists.c.o  -o cmTC_18a12 -lpthreads 
/usr/bin/ld: cannot find -lpthreads
collect2: error: ld returned 1 exit status
CMakeFiles/cmTC_18a12.dir/build.make:97: recipe for target 'cmTC_18a12' failed
make[1]: *** [cmTC_18a12] Error 1
make[1]: Leaving directory '/home/scott/catkin_ws/build/CMakeFiles/CMakeTmp'
Makefile:126: recipe for target 'cmTC_18a12/fast' failed
make: *** [cmTC_18a12/fast] Error 2


Determining if the Q_WS_WIN exist failed with the following output:
Change Dir: /home/scott/catkin_ws/build/CMakeFiles/CMakeTmp

Run Build Command:"/usr/bin/make" "cmTC_3f88d/fast"
make[1]: Entering directory '/home/scott/catkin_ws/build/CMakeFiles/CMakeTmp'
/usr/bin/make -f CMakeFiles/cmTC_3f88d.dir/build.make CMakeFiles/cmTC_3f88d.dir/build
make[2]: Entering directory '/home/scott/catkin_ws/build/CMakeFiles/CMakeTmp'
Building CXX object CMakeFiles/cmTC_3f88d.dir/CheckSymbolExists.cxx.o
/usr/bin/c++   -I/usr/include/qt4   -o CMakeFiles/cmTC_3f88d.dir/CheckSymbolExists.cxx.o -c /home/scott/catkin_ws/build/CMakeFiles/CMakeTmp/CheckSymbolExists.cxx
/home/scott/catkin_ws/build/CMakeFiles/CMakeTmp/CheckSymbolExists.cxx: In function ‘int main(int, char**)’:
/home/scott/catkin_ws/build/CMakeFiles/CMakeTmp/CheckSymbolExists.cxx:8:19: error: ‘Q_WS_WIN’ was not declared in this scope
   return ((int*)(&Q_WS_WIN))[argc];
                   ^~~~~~~~
/home/scott/catkin_ws/build/CMakeFiles/CMakeTmp/CheckSymbolExists.cxx:8:19: note: suggested alternative: ‘Q_WS_X11’
   return ((int*)(&Q_WS_WIN))[argc];
                   ^~~~~~~~
                   Q_WS_X11
CMakeFiles/cmTC_3f88d.dir/build.make:65: recipe for target 'CMakeFiles/cmTC_3f88d.dir/CheckSymbolExists.cxx.o' failed
make[2]: *** [CMakeFiles/cmTC_3f88d.dir/CheckSymbolExists.cxx.o] Error 1
make[2]: Leaving directory '/home/scott/catkin_ws/build/CMakeFiles/CMakeTmp'
Makefile:126: recipe for target 'cmTC_3f88d/fast' failed
make[1]: *** [cmTC_3f88d/fast] Error 2
make[1]: Leaving directory '/home/scott/catkin_ws/build/CMakeFiles/CMakeTmp'

File /home/scott/catkin_ws/build/CMakeFiles/CMakeTmp/CheckSymbolExists.cxx:
/* */
#include <QtCore/qglobal.h>

int main(int argc, char** argv)
{
  (void)argv;
#ifndef Q_WS_WIN
  return ((int*)(&Q_WS_WIN))[argc];
#else
  (void)argc;
  return 0;
#endif
}

Determining if the Q_WS_QWS exist failed with the following output:
Change Dir: /home/scott/catkin_ws/build/CMakeFiles/CMakeTmp

Run Build Command:"/usr/bin/make" "cmTC_c86e8/fast"
make[1]: Entering directory '/home/scott/catkin_ws/build/CMakeFiles/CMakeTmp'
/usr/bin/make -f CMakeFiles/cmTC_c86e8.dir/build.make CMakeFiles/cmTC_c86e8.dir/build
make[2]: Entering directory '/home/scott/catkin_ws/build/CMakeFiles/CMakeTmp'
Building CXX object CMakeFiles/cmTC_c86e8.dir/CheckSymbolExists.cxx.o
/usr/bin/c++   -I/usr/include/qt4   -o CMakeFiles/cmTC_c86e8.dir/CheckSymbolExists.cxx.o -c /home/scott/catkin_ws/build/CMakeFiles/CMakeTmp/CheckSymbolExists.cxx
/home/scott/catkin_ws/build/CMakeFiles/CMakeTmp/CheckSymbolExists.cxx: In function ‘int main(int, char**)’:
/home/scott/catkin_ws/build/CMakeFiles/CMakeTmp/CheckSymbolExists.cxx:8:19: error: ‘Q_WS_QWS’ was not declared in this scope
   return ((int*)(&Q_WS_QWS))[argc];
                   ^~~~~~~~
/home/scott/catkin_ws/build/CMakeFiles/CMakeTmp/CheckSymbolExists.cxx:8:19: note: suggested alternative: ‘Q_WS_X11’
   return ((int*)(&Q_WS_QWS))[argc];
                   ^~~~~~~~
                   Q_WS_X11
CMakeFiles/cmTC_c86e8.dir/build.make:65: recipe for target 'CMakeFiles/cmTC_c86e8.dir/CheckSymbolExists.cxx.o' failed
make[2]: *** [CMakeFiles/cmTC_c86e8.dir/CheckSymbolExists.cxx.o] Error 1
make[2]: Leaving directory '/home/scott/catkin_ws/build/CMakeFiles/CMakeTmp'
Makefile:126: recipe for target 'cmTC_c86e8/fast' failed
make[1]: *** [cmTC_c86e8/fast] Error 2
make[1]: Leaving directory '/home/scott/catkin_ws/build/CMakeFiles/CMakeTmp'

File /home/scott/catkin_ws/build/CMakeFiles/CMakeTmp/CheckSymbolExists.cxx:
/* */
#include <QtCore/qglobal.h>

int main(int argc, char** argv)
{
  (void)argv;
#ifndef Q_WS_QWS
  return ((int*)(&Q_WS_QWS))[argc];
#else
  (void)argc;
  return 0;
#endif
}

Determining if the Q_WS_MAC exist failed with the following output:
Change Dir: /home/scott/catkin_ws/build/CMakeFiles/CMakeTmp

Run Build Command:"/usr/bin/make" "cmTC_88f2a/fast"
make[1]: Entering directory '/home/scott/catkin_ws/build/CMakeFiles/CMakeTmp'
/usr/bin/make -f CMakeFiles/cmTC_88f2a.dir/build.make CMakeFiles/cmTC_88f2a.dir/build
make[2]: Entering directory '/home/scott/catkin_ws/build/CMakeFiles/CMakeTmp'
Building CXX object CMakeFiles/cmTC_88f2a.dir/CheckSymbolExists.cxx.o
/usr/bin/c++   -I/usr/include/qt4   -o CMakeFiles/cmTC_88f2a.dir/CheckSymbolExists.cxx.o -c /home/scott/catkin_ws/build/CMakeFiles/CMakeTmp/CheckSymbolExists.cxx
/home/scott/catkin_ws/build/CMakeFiles/CMakeTmp/CheckSymbolExists.cxx: In function ‘int main(int, char**)’:
/home/scott/catkin_ws/build/CMakeFiles/CMakeTmp/CheckSymbolExists.cxx:8:19: error: ‘Q_WS_MAC’ was not declared in this scope
   return ((int*)(&Q_WS_MAC))[argc];
                   ^~~~~~~~
/home/scott/catkin_ws/build/CMakeFiles/CMakeTmp/CheckSymbolExists.cxx:8:19: note: suggested alternative: ‘Q_WS_X11’
   return ((int*)(&Q_WS_MAC))[argc];
                   ^~~~~~~~
                   Q_WS_X11
CMakeFiles/cmTC_88f2a.dir/build.make:65: recipe for target 'CMakeFiles/cmTC_88f2a.dir/CheckSymbolExists.cxx.o' failed
make[2]: *** [CMakeFiles/cmTC_88f2a.dir/CheckSymbolExists.cxx.o] Error 1
make[2]: Leaving directory '/home/scott/catkin_ws/build/CMakeFiles/CMakeTmp'
Makefile:126: recipe for target 'cmTC_88f2a/fast' failed
make[1]: *** [cmTC_88f2a/fast] Error 2
make[1]: Leaving directory '/home/scott/catkin_ws/build/CMakeFiles/CMakeTmp'

File /home/scott/catkin_ws/build/CMakeFiles/CMakeTmp/CheckSymbolExists.cxx:
/* */
#include <QtCore/qglobal.h>

int main(int argc, char** argv)
{
  (void)argv;
#ifndef Q_WS_MAC
  return ((int*)(&Q_WS_MAC))[argc];
#else
  (void)argc;
  return 0;
#endif
}

